<?xml version="1.0" encoding="UTF-8"?>
<testng-results ignored="0" total="1" passed="1" failed="0" skipped="0">
  <reporter-output>
  </reporter-output>
  <suite started-at="2022-09-20T13:21:22 IST" name="Default suite" finished-at="2022-09-20T13:21:32 IST" duration-ms="10268">
    <groups>
    </groups>
    <test started-at="2022-09-20T13:21:22 IST" name="Default test" finished-at="2022-09-20T13:21:32 IST" duration-ms="10268">
      <class name="Mobile_world.orderpage">
        <test-method signature="orderMethod()[pri:0, instance:Mobile_world.orderpage@273e7444]" started-at="2022-09-20T13:21:22 IST" name="orderMethod" finished-at="2022-09-20T13:21:32 IST" duration-ms="10199" status="PASS">
          <reporter-output>
          </reporter-output>
        </test-method> <!-- orderMethod -->
      </class> <!-- Mobile_world.orderpage -->
    </test> <!-- Default test -->
  </suite> <!-- Default suite -->
</testng-results>
